Removed Pin From Net: NetName=fT1 Pin=U11-A7
Removed Pin From Net: NetName=fT5 Pin=U11-A8
Removed Pin From Net: NetName=fR1 Pin=U11-A11
Removed Pin From Net: NetName=fR3 Pin=U11-A12
Removed Pin From Net: NetName=fR5 Pin=U11-A13
Removed Pin From Net: NetName=fT4 Pin=U11-B8
Removed Pin From Net: NetName=fR0 Pin=U11-B11
Removed Pin From Net: NetName=fR2 Pin=U11-B12
Removed Pin From Net: NetName=fR6 Pin=U11-B14
Removed Pin From Net: NetName=fT0 Pin=U11-C7
Removed Pin From Net: NetName=fT3 Pin=U11-C8
Removed Pin From Net: NetName=fT7 Pin=U11-C9
Removed Pin From Net: NetName=fR4 Pin=U11-C13
Removed Pin From Net: NetName=fT2 Pin=U11-D8
Removed Pin From Net: NetName=fT6 Pin=U11-D9
Removed Pin From Net: NetName=fR7 Pin=U11-F13
Added Pin To Net: NetName=fR1 Pin=U11-A7
Added Pin To Net: NetName=fR5 Pin=U11-A8
Added Pin To Net: NetName=fT1 Pin=U11-A11
Added Pin To Net: NetName=fT3 Pin=U11-A12
Added Pin To Net: NetName=fT5 Pin=U11-A13
Added Pin To Net: NetName=fR4 Pin=U11-B8
Added Pin To Net: NetName=fT0 Pin=U11-B11
Added Pin To Net: NetName=fT2 Pin=U11-B12
Added Pin To Net: NetName=fT6 Pin=U11-B14
Added Pin To Net: NetName=fR0 Pin=U11-C7
Added Pin To Net: NetName=fR3 Pin=U11-C8
Added Pin To Net: NetName=fR7 Pin=U11-C9
Added Pin To Net: NetName=fT4 Pin=U11-C13
Added Pin To Net: NetName=fR2 Pin=U11-D8
Added Pin To Net: NetName=fR6 Pin=U11-D9
Added Pin To Net: NetName=fT7 Pin=U11-F13
