Removed Pin From Net: NetName=CPU_I2S_SCLK5 Pin=9P1-2
Removed Pin From Net: NetName=CPU_I2S_FRM5 Pin=9P1-4
Removed Pin From Net: NetName=CPU_I2S_DO1 Pin=9P1-5
Removed Pin From Net: NetName=CPU_I2S_DO5 Pin=9P1-6
Removed Pin From Net: NetName=CPU_I2S_DI1 Pin=9P1-7
Removed Pin From Net: NetName=CPU_I2S_DI5 Pin=9P1-8
Removed Pin From Net: NetName=CPU_I2S_SCLK2 Pin=9P1-9
Removed Pin From Net: NetName=CPU_I2S_SCLK6 Pin=9P1-10
Removed Pin From Net: NetName=CPU_I2S_FRM2 Pin=9P1-11
Removed Pin From Net: NetName=CPU_I2S_FRM6 Pin=9P1-12
Removed Pin From Net: NetName=CPU_I2S_DO2 Pin=9P1-13
Removed Pin From Net: NetName=CPU_I2S_DO6 Pin=9P1-14
Removed Pin From Net: NetName=CPU_I2S_DI2 Pin=9P1-15
Removed Pin From Net: NetName=CPU_I2S_DI6 Pin=9P1-16
Removed Pin From Net: NetName=CPU_I2S_SCLK3 Pin=9P1-17
Removed Pin From Net: NetName=CPU_I2S_SCLK7 Pin=9P1-18
Removed Pin From Net: NetName=CPU_I2S_FRM3 Pin=9P1-19
Removed Pin From Net: NetName=CPU_I2S_FRM7 Pin=9P1-20
Removed Pin From Net: NetName=CPU_I2S_DO3 Pin=9P1-21
Removed Pin From Net: NetName=CPU_I2S_DO7 Pin=9P1-22
Removed Pin From Net: NetName=CPU_I2S_DI3 Pin=9P1-23
Removed Pin From Net: NetName=CPU_I2S_DI7 Pin=9P1-24
Removed Pin From Net: NetName=CPU_I2S_SCLK4 Pin=9P1-25
Removed Pin From Net: NetName=CPU_I2S_SCLK8 Pin=9P1-26
Removed Pin From Net: NetName=CPU_I2S_FRM4 Pin=9P1-27
Removed Pin From Net: NetName=CPU_I2S_FRM8 Pin=9P1-28
Removed Pin From Net: NetName=CPU_I2S_DO4 Pin=9P1-29
Removed Pin From Net: NetName=CPU_I2S_DI4 Pin=9P1-31
Added Pin To Net: NetName=CPU_I2S_DO1 Pin=9P1-2
Added Pin To Net: NetName=CPU_I2S_DI1 Pin=9P1-4
Added Pin To Net: NetName=CPU_I2S_SCLK2 Pin=9P1-5
Added Pin To Net: NetName=CPU_I2S_DO2 Pin=9P1-6
Added Pin To Net: NetName=CPU_I2S_FRM2 Pin=9P1-7
Added Pin To Net: NetName=CPU_I2S_DI2 Pin=9P1-8
Added Pin To Net: NetName=CPU_I2S_SCLK3 Pin=9P1-9
Added Pin To Net: NetName=CPU_I2S_DO3 Pin=9P1-10
Added Pin To Net: NetName=CPU_I2S_FRM3 Pin=9P1-11
Added Pin To Net: NetName=CPU_I2S_DI3 Pin=9P1-12
Added Pin To Net: NetName=CPU_I2S_SCLK4 Pin=9P1-13
Added Pin To Net: NetName=CPU_I2S_DO4 Pin=9P1-14
Added Pin To Net: NetName=CPU_I2S_FRM4 Pin=9P1-15
Added Pin To Net: NetName=CPU_I2S_DI4 Pin=9P1-16
Added Pin To Net: NetName=CPU_I2S_SCLK5 Pin=9P1-17
Added Pin To Net: NetName=CPU_I2S_DO5 Pin=9P1-18
Added Pin To Net: NetName=CPU_I2S_FRM5 Pin=9P1-19
Added Pin To Net: NetName=CPU_I2S_DI5 Pin=9P1-20
Added Pin To Net: NetName=CPU_I2S_SCLK6 Pin=9P1-21
Added Pin To Net: NetName=CPU_I2S_DO6 Pin=9P1-22
Added Pin To Net: NetName=CPU_I2S_FRM6 Pin=9P1-23
Added Pin To Net: NetName=CPU_I2S_DI6 Pin=9P1-24
Added Pin To Net: NetName=CPU_I2S_SCLK7 Pin=9P1-25
Added Pin To Net: NetName=CPU_I2S_DO7 Pin=9P1-26
Added Pin To Net: NetName=CPU_I2S_FRM7 Pin=9P1-27
Added Pin To Net: NetName=CPU_I2S_DI7 Pin=9P1-28
Added Pin To Net: NetName=CPU_I2S_SCLK8 Pin=9P1-29
Added Pin To Net: NetName=CPU_I2S_FRM8 Pin=9P1-31
