Removed Pin From Net: NetName=GND Pin=01C1-1
Removed Pin From Net: NetName=GND Pin=01C3-2
Removed Pin From Net: NetName=+5VCC Pin=01C4-1
Removed Pin From Net: NetName=GND Pin=01C4-2
Removed Pin From Net: NetName=GND Pin=01C7-2
Removed Pin From Net: NetName=GND Pin=01C9-1
Removed Pin From Net: NetName=+5VCC Pin=01C9-2
Removed Pin From Net: NetName=GND Pin=01C12-1
Removed Pin From Net: NetName=GND Pin=01D3-2
Removed Pin From Net: NetName=GND Pin=01D5-2
Removed Pin From Net: NetName=+5VCC Pin=01D6-2
Removed Pin From Net: NetName=GND Pin=01D7-2
Removed Pin From Net: NetName=GND Pin=01R3-1
Removed Pin From Net: NetName=GND Pin=01R4-2
Removed Pin From Net: NetName=+5VCC Pin=01R16-2
Removed Pin From Net: NetName=+5VCC Pin=01RL1-R2
Removed Pin From Net: NetName=GND Pin=01U1-2
Removed Pin From Net: NetName=+5VCC Pin=01U1-9
Removed Pin From Net: NetName=GND Pin=01U1-16
Removed Pin From Net: NetName=GND Pin=01U1-19
Removed Pin From Net: NetName=GND Pin=01U2-5
Removed Pin From Net: NetName=+5VCC Pin=01U2-7
Removed Pin From Net: NetName=GND Pin=01VAR1-2
Removed Pin From Net: NetName=GND Pin=01VAR2-2
Removed Pin From Net: NetName=GND Pin=02C1-1
Removed Pin From Net: NetName=GND Pin=02C3-2
Removed Pin From Net: NetName=+5VCC Pin=02C4-1
Removed Pin From Net: NetName=GND Pin=02C4-2
Removed Pin From Net: NetName=GND Pin=02C7-2
Removed Pin From Net: NetName=GND Pin=02C9-1
Removed Pin From Net: NetName=+5VCC Pin=02C9-2
Removed Pin From Net: NetName=GND Pin=02C12-1
Removed Pin From Net: NetName=GND Pin=02D3-2
Removed Pin From Net: NetName=GND Pin=02D5-2
Removed Pin From Net: NetName=+5VCC Pin=02D6-2
Removed Pin From Net: NetName=GND Pin=02D7-2
Removed Pin From Net: NetName=GND Pin=02R3-1
Removed Pin From Net: NetName=GND Pin=02R4-2
Removed Pin From Net: NetName=+5VCC Pin=02R16-2
Removed Pin From Net: NetName=+5VCC Pin=02RL1-R2
Removed Pin From Net: NetName=GND Pin=02U1-2
Removed Pin From Net: NetName=+5VCC Pin=02U1-9
Removed Pin From Net: NetName=GND Pin=02U1-16
Removed Pin From Net: NetName=GND Pin=02U1-19
Removed Pin From Net: NetName=GND Pin=02U2-5
Removed Pin From Net: NetName=+5VCC Pin=02U2-7
Removed Pin From Net: NetName=GND Pin=02VAR1-2
Removed Pin From Net: NetName=GND Pin=02VAR2-2
Removed Pin From Net: NetName=GND Pin=03C1-1
Removed Pin From Net: NetName=GND Pin=03C3-2
Removed Pin From Net: NetName=+5VCC Pin=03C4-1
Removed Pin From Net: NetName=GND Pin=03C4-2
Removed Pin From Net: NetName=GND Pin=03C7-2
Removed Pin From Net: NetName=GND Pin=03C9-1
Removed Pin From Net: NetName=+5VCC Pin=03C9-2
Removed Pin From Net: NetName=GND Pin=03C12-1
Removed Pin From Net: NetName=GND Pin=03D3-2
Removed Pin From Net: NetName=GND Pin=03D5-2
Removed Pin From Net: NetName=+5VCC Pin=03D6-2
Removed Pin From Net: NetName=GND Pin=03D7-2
Removed Pin From Net: NetName=GND Pin=03R3-1
Removed Pin From Net: NetName=GND Pin=03R4-2
Removed Pin From Net: NetName=+5VCC Pin=03R16-2
Removed Pin From Net: NetName=+5VCC Pin=03RL1-R2
Removed Pin From Net: NetName=GND Pin=03U1-2
Removed Pin From Net: NetName=+5VCC Pin=03U1-9
Removed Pin From Net: NetName=GND Pin=03U1-16
Removed Pin From Net: NetName=GND Pin=03U1-19
Removed Pin From Net: NetName=GND Pin=03U2-5
Removed Pin From Net: NetName=+5VCC Pin=03U2-7
Removed Pin From Net: NetName=GND Pin=03VAR1-2
Removed Pin From Net: NetName=GND Pin=03VAR2-2
Removed Pin From Net: NetName=GND Pin=04C1-1
Removed Pin From Net: NetName=GND Pin=04C3-2
Removed Pin From Net: NetName=+5VCC Pin=04C4-1
Removed Pin From Net: NetName=GND Pin=04C4-2
Removed Pin From Net: NetName=GND Pin=04C7-2
Removed Pin From Net: NetName=GND Pin=04C9-1
Removed Pin From Net: NetName=+5VCC Pin=04C9-2
Removed Pin From Net: NetName=GND Pin=04C12-1
Removed Pin From Net: NetName=GND Pin=04D3-2
Removed Pin From Net: NetName=GND Pin=04D5-2
Removed Pin From Net: NetName=+5VCC Pin=04D6-2
Removed Pin From Net: NetName=GND Pin=04D7-2
Removed Pin From Net: NetName=GND Pin=04R3-1
Removed Pin From Net: NetName=GND Pin=04R4-2
Removed Pin From Net: NetName=+5VCC Pin=04R16-2
Removed Pin From Net: NetName=+5VCC Pin=04RL1-R2
Removed Pin From Net: NetName=GND Pin=04U1-2
Removed Pin From Net: NetName=+5VCC Pin=04U1-9
Removed Pin From Net: NetName=GND Pin=04U1-16
Removed Pin From Net: NetName=GND Pin=04U1-19
Removed Pin From Net: NetName=GND Pin=04U2-5
Removed Pin From Net: NetName=+5VCC Pin=04U2-7
Removed Pin From Net: NetName=GND Pin=04VAR1-2
Removed Pin From Net: NetName=GND Pin=04VAR2-2
Removed Pin From Net: NetName=GND Pin=05C1-1
Removed Pin From Net: NetName=GND Pin=05C3-2
Removed Pin From Net: NetName=+5VCC Pin=05C4-1
Removed Pin From Net: NetName=GND Pin=05C4-2
Removed Pin From Net: NetName=GND Pin=05C7-2
Removed Pin From Net: NetName=GND Pin=05C9-1
Removed Pin From Net: NetName=+5VCC Pin=05C9-2
Removed Pin From Net: NetName=GND Pin=05C12-1
Removed Pin From Net: NetName=GND Pin=05D3-2
Removed Pin From Net: NetName=GND Pin=05D5-2
Removed Pin From Net: NetName=+5VCC Pin=05D6-2
Removed Pin From Net: NetName=GND Pin=05D7-2
Removed Pin From Net: NetName=GND Pin=05R3-1
Removed Pin From Net: NetName=GND Pin=05R4-2
Removed Pin From Net: NetName=+5VCC Pin=05R16-2
Removed Pin From Net: NetName=+5VCC Pin=05RL1-R2
Removed Pin From Net: NetName=GND Pin=05U1-2
Removed Pin From Net: NetName=+5VCC Pin=05U1-9
Removed Pin From Net: NetName=GND Pin=05U1-16
Removed Pin From Net: NetName=GND Pin=05U1-19
Removed Pin From Net: NetName=GND Pin=05U2-5
Removed Pin From Net: NetName=+5VCC Pin=05U2-7
Removed Pin From Net: NetName=GND Pin=05VAR1-2
Removed Pin From Net: NetName=GND Pin=05VAR2-2
Removed Pin From Net: NetName=GND Pin=06C1-1
Removed Pin From Net: NetName=GND Pin=06C3-2
Removed Pin From Net: NetName=+5VCC Pin=06C4-1
Removed Pin From Net: NetName=GND Pin=06C4-2
Removed Pin From Net: NetName=GND Pin=06C7-2
Removed Pin From Net: NetName=GND Pin=06C9-1
Removed Pin From Net: NetName=+5VCC Pin=06C9-2
Removed Pin From Net: NetName=GND Pin=06C12-1
Removed Pin From Net: NetName=GND Pin=06D3-2
Removed Pin From Net: NetName=GND Pin=06D5-2
Removed Pin From Net: NetName=+5VCC Pin=06D6-2
Removed Pin From Net: NetName=GND Pin=06D7-2
Removed Pin From Net: NetName=GND Pin=06R3-1
Removed Pin From Net: NetName=GND Pin=06R4-2
Removed Pin From Net: NetName=+5VCC Pin=06R16-2
Removed Pin From Net: NetName=+5VCC Pin=06RL1-R2
Removed Pin From Net: NetName=GND Pin=06U1-2
Removed Pin From Net: NetName=+5VCC Pin=06U1-9
Removed Pin From Net: NetName=GND Pin=06U1-16
Removed Pin From Net: NetName=GND Pin=06U1-19
Removed Pin From Net: NetName=GND Pin=06U2-5
Removed Pin From Net: NetName=+5VCC Pin=06U2-7
Removed Pin From Net: NetName=GND Pin=06VAR1-2
Removed Pin From Net: NetName=GND Pin=06VAR2-2
Removed Pin From Net: NetName=GND Pin=07C1-1
Removed Pin From Net: NetName=GND Pin=07C3-2
Removed Pin From Net: NetName=+5VCC Pin=07C4-1
Removed Pin From Net: NetName=GND Pin=07C4-2
Removed Pin From Net: NetName=GND Pin=07C7-2
Removed Pin From Net: NetName=GND Pin=07C9-1
Removed Pin From Net: NetName=+5VCC Pin=07C9-2
Removed Pin From Net: NetName=GND Pin=07C12-1
Removed Pin From Net: NetName=GND Pin=07D3-2
Removed Pin From Net: NetName=GND Pin=07D5-2
Removed Pin From Net: NetName=+5VCC Pin=07D6-2
Removed Pin From Net: NetName=GND Pin=07D7-2
Removed Pin From Net: NetName=GND Pin=07R3-1
Removed Pin From Net: NetName=GND Pin=07R4-2
Removed Pin From Net: NetName=+5VCC Pin=07R16-2
Removed Pin From Net: NetName=+5VCC Pin=07RL1-R2
Removed Pin From Net: NetName=GND Pin=07U1-2
Removed Pin From Net: NetName=+5VCC Pin=07U1-9
Removed Pin From Net: NetName=GND Pin=07U1-16
Removed Pin From Net: NetName=GND Pin=07U1-19
Removed Pin From Net: NetName=GND Pin=07U2-5
Removed Pin From Net: NetName=+5VCC Pin=07U2-7
Removed Pin From Net: NetName=GND Pin=07VAR1-2
Removed Pin From Net: NetName=GND Pin=07VAR2-2
Removed Pin From Net: NetName=GND Pin=08C1-1
Removed Pin From Net: NetName=GND Pin=08C3-2
Removed Pin From Net: NetName=+5VCC Pin=08C4-1
Removed Pin From Net: NetName=GND Pin=08C4-2
Removed Pin From Net: NetName=GND Pin=08C7-2
Removed Pin From Net: NetName=GND Pin=08C9-1
Removed Pin From Net: NetName=+5VCC Pin=08C9-2
Removed Pin From Net: NetName=GND Pin=08C12-1
Removed Pin From Net: NetName=GND Pin=08D3-2
Removed Pin From Net: NetName=GND Pin=08D5-2
Removed Pin From Net: NetName=+5VCC Pin=08D6-2
Removed Pin From Net: NetName=GND Pin=08D7-2
Removed Pin From Net: NetName=GND Pin=08R3-1
Removed Pin From Net: NetName=GND Pin=08R4-2
Removed Pin From Net: NetName=+5VCC Pin=08R16-2
Removed Pin From Net: NetName=+5VCC Pin=08RL1-R2
Removed Pin From Net: NetName=GND Pin=08U1-2
Removed Pin From Net: NetName=+5VCC Pin=08U1-9
Removed Pin From Net: NetName=GND Pin=08U1-16
Removed Pin From Net: NetName=GND Pin=08U1-19
Removed Pin From Net: NetName=GND Pin=08U2-5
Removed Pin From Net: NetName=+5VCC Pin=08U2-7
Removed Pin From Net: NetName=GND Pin=08VAR1-2
Removed Pin From Net: NetName=GND Pin=08VAR2-2
Removed Pin From Net: NetName=LED_FXS_02 Pin=9C1-1
Removed Pin From Net: NetName=GND Pin=9C1-2
Removed Pin From Net: NetName=GND Pin=9C3-1
Removed Pin From Net: NetName=LED_FXS_02 Pin=9C3-2
Removed Pin From Net: NetName=GND Pin=9C4-1
Removed Pin From Net: NetName=LED_FXS_02 Pin=9C4-2
Removed Pin From Net: NetName=GND Pin=9C5-1
Removed Pin From Net: NetName=LED_FXS_02 Pin=9C5-2
Removed Pin From Net: NetName=GND Pin=9C6-2
Removed Pin From Net: NetName=LED_FXS_02 Pin=9J3-1
Removed Pin From Net: NetName=LED_FXS_05 Pin=9J3-2
Removed Pin From Net: NetName=LED_FXS_06 Pin=9J3-3
Removed Pin From Net: NetName=LED_FXS_07 Pin=9J3-4
Removed Pin From Net: NetName=LED_FXS_08 Pin=9J3-5
Removed Pin From Net: NetName=GND Pin=9J3-6
Removed Pin From Net: NetName=GND Pin=9J4-2
Removed Pin From Net: NetName=GND Pin=9J4-4
Removed Pin From Net: NetName=GND Pin=9J4-6
Removed Pin From Net: NetName=GND Pin=9J4-8
Removed Pin From Net: NetName=CPU_TDM_CODEC_INTn Pin=9J4-9
Removed Pin From Net: NetName=GND Pin=9J4-10
Removed Pin From Net: NetName=LED_ACT_WAN1 Pin=9P2-2
Removed Pin From Net: NetName=LED_ACT_WAN2 Pin=9P3-2
Removed Pin From Net: NetName=LED_LINK_WAN1_OUT Pin=9P4-2
Removed Pin From Net: NetName=LED_LINK_WAN2_OUT Pin=9P5-2
Removed Pin From Net: NetName=OP_LED Pin=9P6-2
Removed Pin From Net: NetName=+5VCC Pin=9P7-2
Removed Pin From Net: NetName=LED_FXS_01 Pin=9P8-2
Removed Pin From Net: NetName=LED_FXS_02 Pin=9P9-2
Removed Pin From Net: NetName=LED_FXS_03 Pin=9P10-2
Removed Pin From Net: NetName=LED_FXS_02 Pin=9P11-2
Removed Pin From Net: NetName=LED_FXS_02 Pin=9R1-2
Removed Pin From Net: NetName=FPGA_PDN1 Pin=9R2-2
Removed Pin From Net: NetName=FPGA_PDN2 Pin=9R3-2
Removed Pin From Net: NetName=FPGA_PDN3 Pin=9R4-2
Removed Pin From Net: NetName=FPGA_PDN4 Pin=9R5-2
Removed Pin From Net: NetName=FPGA_PDN5 Pin=9R6-2
Removed Pin From Net: NetName=FPGA_PDN6 Pin=9R7-2
Removed Pin From Net: NetName=FPGA_PDN7 Pin=9R8-2
Removed Pin From Net: NetName=FPGA_PDN8 Pin=9R9-2
Removed Pin From Net: NetName=LED_FXS_02 Pin=9R10-1
Removed Pin From Net: NetName=CPU_TDM_CODEC_INTn Pin=9R10-2
Removed Pin From Net: NetName=CPU_TDM_SPI_CLK Pin=9R11-2
Removed Pin From Net: NetName=CPU_TDM_SPI_MOSI Pin=9R12-2
Removed Pin From Net: NetName=CPU_TDM_SPI_MISO Pin=9R13-2
Removed Pin From Net: NetName=CPU_TDM_SPI_CS0 Pin=9R14-2
Removed Pin From Net: NetName=LED_FXS_02 Pin=9R18-1
Removed Pin From Net: NetName=LED_FXS_02 Pin=9R19-1
Removed Pin From Net: NetName=LED_FXS_02 Pin=9R20-1
Removed Pin From Net: NetName=LED_FXS_02 Pin=9R21-1
Removed Pin From Net: NetName=LED_FXS_02 Pin=9R22-1
Removed Pin From Net: NetName=GND Pin=9R23-1
Removed Pin From Net: NetName=LED_FXS_02 Pin=9R24-1
Removed Pin From Net: NetName=GND Pin=9R25-1
Removed Pin From Net: NetName=LED_FXS_02 Pin=9R26-1
Removed Pin From Net: NetName=GND Pin=9R27-1
Removed Pin From Net: NetName=GND Pin=9U1-1
Removed Pin From Net: NetName=fTX Pin=9U1-2
Removed Pin From Net: NetName=fRX Pin=9U1-3
Removed Pin From Net: NetName=f2MHz Pin=9U1-4
Removed Pin From Net: NetName=GND Pin=9U1-10
Removed Pin From Net: NetName=GND Pin=9U1-19
Removed Pin From Net: NetName=LED_FXS_02 Pin=9U1-20
Removed Pin From Net: NetName=fT0 Pin=9U3-2
Removed Pin From Net: NetName=fT1 Pin=9U3-3
Removed Pin From Net: NetName=fT2 Pin=9U3-4
Removed Pin From Net: NetName=fT3 Pin=9U3-5
Removed Pin From Net: NetName=fT4 Pin=9U3-6
Removed Pin From Net: NetName=fT5 Pin=9U3-7
Removed Pin From Net: NetName=fT6 Pin=9U3-8
Removed Pin From Net: NetName=fT7 Pin=9U3-9
Removed Pin From Net: NetName=GND Pin=9U3-10
Removed Pin From Net: NetName=GND Pin=9U3-19
Removed Pin From Net: NetName=LED_FXS_02 Pin=9U3-20
Removed Pin From Net: NetName=fTS0 Pin=9U4-2
Removed Pin From Net: NetName=fTS1 Pin=9U4-3
Removed Pin From Net: NetName=fTS2 Pin=9U4-4
Removed Pin From Net: NetName=fTS3 Pin=9U4-5
Removed Pin From Net: NetName=fTS4 Pin=9U4-6
Removed Pin From Net: NetName=fTS5 Pin=9U4-7
Removed Pin From Net: NetName=fTS6 Pin=9U4-8
Removed Pin From Net: NetName=fTS7 Pin=9U4-9
Removed Pin From Net: NetName=GND Pin=9U4-10
Removed Pin From Net: NetName=GND Pin=9U4-19
Removed Pin From Net: NetName=LED_FXS_02 Pin=9U4-20
Removed Pin From Net: NetName=GND Pin=9U5-1
Removed Pin From Net: NetName=fR0 Pin=9U5-2
Removed Pin From Net: NetName=fR1 Pin=9U5-3
Removed Pin From Net: NetName=fR2 Pin=9U5-4
Removed Pin From Net: NetName=fR3 Pin=9U5-5
Removed Pin From Net: NetName=fR4 Pin=9U5-6
Removed Pin From Net: NetName=fR5 Pin=9U5-7
Removed Pin From Net: NetName=fR6 Pin=9U5-8
Removed Pin From Net: NetName=fR7 Pin=9U5-9
Removed Pin From Net: NetName=GND Pin=9U5-10
Removed Pin From Net: NetName=GND Pin=9U5-19
Removed Pin From Net: NetName=LED_FXS_02 Pin=9U5-20
Removed Pin From Net: NetName=GND Pin=11C1-2
Removed Pin From Net: NetName=GND Pin=11C2-2
Removed Pin From Net: NetName=+5VCC Pin=11C3-1
Removed Pin From Net: NetName=GND Pin=11C3-2
Removed Pin From Net: NetName=+5VCC Pin=11C4-1
Removed Pin From Net: NetName=GND Pin=11C4-2
Removed Pin From Net: NetName=+5VCC Pin=11C5-1
Removed Pin From Net: NetName=GND Pin=11C5-2
Removed Pin From Net: NetName=+5VCC Pin=11C6-1
Removed Pin From Net: NetName=GND Pin=11C6-2
Removed Pin From Net: NetName=GND Pin=11C7-2
Removed Pin From Net: NetName=GND Pin=11C8-2
Removed Pin From Net: NetName=GND Pin=11C9-1
Removed Pin From Net: NetName=GND Pin=11C10-2
Removed Pin From Net: NetName=GND Pin=11D2-A
Removed Pin From Net: NetName=GND Pin=11D3-A
Removed Pin From Net: NetName=GND Pin=11D4-K
Removed Pin From Net: NetName=+5VCC Pin=11J1-1
Removed Pin From Net: NetName=+5VCC Pin=11J1-2
Removed Pin From Net: NetName=GND Pin=11J1-3
Removed Pin From Net: NetName=GND Pin=11J1-4
Removed Pin From Net: NetName=GND Pin=11J2-3
Removed Pin From Net: NetName=GND Pin=11J2-4
Removed Pin From Net: NetName=GND Pin=11R2-1
Removed Pin From Net: NetName=GND Pin=11TP0-1
Removed Pin From Net: NetName=+5VCC Pin=11TP3-1
Removed Pin From Net: NetName=GND Pin=11TP8-1
Removed Pin From Net: NetName=GND Pin=11U1-1
Removed Pin From Net: NetName=GND Pin=11U1-4
Removed Pin From Net: NetName=GND Pin=11U2-1
Removed Pin From Net: NetName=GND Pin=11U2-5
Removed Pin From Net: NetName=GND Pin=C1-2
Removed Pin From Net: NetName=GND Pin=C2-2
Removed Pin From Net: NetName=GND Pin=C3-2
Removed Pin From Net: NetName=GND Pin=C4-2
Removed Pin From Net: NetName=GND Pin=C5-2
Removed Pin From Net: NetName=GND Pin=C6-2
Removed Pin From Net: NetName=GND Pin=C7-2
Removed Pin From Net: NetName=GND Pin=C8-2
Removed Pin From Net: NetName=GND Pin=C9-2
Removed Pin From Net: NetName=GND Pin=C10-2
Removed Pin From Net: NetName=GND Pin=C11-2
Removed Pin From Net: NetName=GND Pin=C12-2
Removed Pin From Net: NetName=GND Pin=C13-2
Removed Pin From Net: NetName=GND Pin=C14-2
Removed Pin From Net: NetName=GND Pin=C15-2
Removed Pin From Net: NetName=GND Pin=C16-2
Removed Pin From Net: NetName=GND Pin=C17-1
Removed Pin From Net: NetName=+5VCC Pin=C18-1
Removed Pin From Net: NetName=GND Pin=C19-2
Removed Pin From Net: NetName=GND Pin=C20-1
Removed Pin From Net: NetName=GND Pin=C21-1
Removed Pin From Net: NetName=GND Pin=C22-2
Removed Pin From Net: NetName=GND Pin=C23-2
Removed Pin From Net: NetName=GND Pin=C24-2
Removed Pin From Net: NetName=GND Pin=C25-2
Removed Pin From Net: NetName=GND Pin=C26-1
Removed Pin From Net: NetName=GND Pin=C27-1
Removed Pin From Net: NetName=GND Pin=C28-1
Removed Pin From Net: NetName=GND Pin=C29-1
Removed Pin From Net: NetName=GND Pin=C30-1
Removed Pin From Net: NetName=GND Pin=C31-2
Removed Pin From Net: NetName=GND Pin=C32-2
Removed Pin From Net: NetName=GND Pin=C33-1
Removed Pin From Net: NetName=GND Pin=C34-1
Removed Pin From Net: NetName=GND Pin=C37-1
Removed Pin From Net: NetName=GND Pin=C38-1
Removed Pin From Net: NetName=GND Pin=C39-2
Removed Pin From Net: NetName=GND Pin=C40-1
Removed Pin From Net: NetName=GND Pin=C41-1
Removed Pin From Net: NetName=GND Pin=C42-1
Removed Pin From Net: NetName=GND Pin=C43-2
Removed Pin From Net: NetName=GND Pin=C44-1
Removed Pin From Net: NetName=GND Pin=C45-2
Removed Pin From Net: NetName=GND Pin=C47-1
Removed Pin From Net: NetName=GND Pin=C48-1
Removed Pin From Net: NetName=GND Pin=C49-1
Removed Pin From Net: NetName=GND Pin=C50-1
Removed Pin From Net: NetName=GND Pin=C51-1
Removed Pin From Net: NetName=GND Pin=C52-1
Removed Pin From Net: NetName=GND Pin=C53-1
Removed Pin From Net: NetName=GND Pin=C54-1
Removed Pin From Net: NetName=GND Pin=C55-1
Removed Pin From Net: NetName=GND Pin=C56-1
Removed Pin From Net: NetName=GND Pin=C57-1
Removed Pin From Net: NetName=GND Pin=C58-1
Removed Pin From Net: NetName=GND Pin=C59-1
Removed Pin From Net: NetName=GND Pin=C60-1
Removed Pin From Net: NetName=GND Pin=C61-1
Removed Pin From Net: NetName=GND Pin=C62-1
Removed Pin From Net: NetName=GND Pin=C63-1
Removed Pin From Net: NetName=GND Pin=C65-1
Removed Pin From Net: NetName=GND Pin=C66-1
Removed Pin From Net: NetName=GND Pin=C67-1
Removed Pin From Net: NetName=GND Pin=C68-1
Removed Pin From Net: NetName=GND Pin=C69-1
Removed Pin From Net: NetName=GND Pin=C70-1
Removed Pin From Net: NetName=GND Pin=C71-1
Removed Pin From Net: NetName=GND Pin=C72-1
Removed Pin From Net: NetName=GND Pin=C73-1
Removed Pin From Net: NetName=GND Pin=C74-1
Removed Pin From Net: NetName=GND Pin=C75-1
Removed Pin From Net: NetName=GND Pin=C76-1
Removed Pin From Net: NetName=GND Pin=C77-1
Removed Pin From Net: NetName=GND Pin=C78-1
Removed Pin From Net: NetName=GND Pin=C79-1
Removed Pin From Net: NetName=GND Pin=C80-1
Removed Pin From Net: NetName=GND Pin=C81-1
Removed Pin From Net: NetName=GND Pin=C82-1
Removed Pin From Net: NetName=GND Pin=C83-1
Removed Pin From Net: NetName=GND Pin=C84-1
Removed Pin From Net: NetName=GND Pin=C85-1
Removed Pin From Net: NetName=GND Pin=C86-1
Removed Pin From Net: NetName=GND Pin=C87-1
Removed Pin From Net: NetName=GND Pin=C88-1
Removed Pin From Net: NetName=GND Pin=C89-1
Removed Pin From Net: NetName=GND Pin=C90-1
Removed Pin From Net: NetName=GND Pin=C92-1
Removed Pin From Net: NetName=GND Pin=C93-2
Removed Pin From Net: NetName=GND Pin=C94-1
Removed Pin From Net: NetName=GND Pin=C95-1
Removed Pin From Net: NetName=GND Pin=C96-1
Removed Pin From Net: NetName=GND Pin=C97-1
Removed Pin From Net: NetName=GND Pin=C98-1
Removed Pin From Net: NetName=GND Pin=C106-1
Removed Pin From Net: NetName=GND Pin=C107-1
Removed Pin From Net: NetName=GND Pin=C108-1
Removed Pin From Net: NetName=GND Pin=C109-1
Removed Pin From Net: NetName=GND Pin=C110-1
Removed Pin From Net: NetName=GND Pin=C111-1
Removed Pin From Net: NetName=GND Pin=C112-1
Removed Pin From Net: NetName=GND Pin=C113-1
Removed Pin From Net: NetName=GND Pin=C114-1
Removed Pin From Net: NetName=GND Pin=C115-1
Removed Pin From Net: NetName=GND Pin=C116-1
Removed Pin From Net: NetName=GND Pin=C117-1
Removed Pin From Net: NetName=GND Pin=C118-1
Removed Pin From Net: NetName=GND Pin=C119-1
Removed Pin From Net: NetName=GND Pin=C120-1
Removed Pin From Net: NetName=GND Pin=C122-1
Removed Pin From Net: NetName=GND Pin=C123-1
Removed Pin From Net: NetName=GND Pin=C124-1
Removed Pin From Net: NetName=GND Pin=C125-1
Removed Pin From Net: NetName=GND Pin=C126-1
Removed Pin From Net: NetName=GND Pin=C127-1
Removed Pin From Net: NetName=GND Pin=C128-1
Removed Pin From Net: NetName=GND Pin=C129-1
Removed Pin From Net: NetName=GND Pin=C130-2
Removed Pin From Net: NetName=GND Pin=C131-2
Removed Pin From Net: NetName=GND Pin=C132-1
Removed Pin From Net: NetName=GND Pin=C134-2
Removed Pin From Net: NetName=GND Pin=C135-1
Removed Pin From Net: NetName=GND Pin=C136-1
Removed Pin From Net: NetName=GND Pin=C137-1
Removed Pin From Net: NetName=GND Pin=C138-1
Removed Pin From Net: NetName=GND Pin=C139-1
Removed Pin From Net: NetName=GND Pin=C140-1
Removed Pin From Net: NetName=GND Pin=C141-1
Removed Pin From Net: NetName=GND Pin=C142-1
Removed Pin From Net: NetName=GND Pin=C143-1
Removed Pin From Net: NetName=GND Pin=C144-1
Removed Pin From Net: NetName=GND Pin=C167-1
Removed Pin From Net: NetName=GND Pin=C168-1
Removed Pin From Net: NetName=CPU_TDM_SPI_CS0 Pin=CS0-1
Removed Pin From Net: NetName=GND Pin=D2-2
Removed Pin From Net: NetName=GND Pin=D3-2
Removed Pin From Net: NetName=GND Pin=D6-2
Removed Pin From Net: NetName=GND Pin=D7-1
Removed Pin From Net: NetName=+5VCC Pin=F1-1
Removed Pin From Net: NetName=CPU_TDM_CODEC_INTn Pin=INT#-1
Removed Pin From Net: NetName=GND Pin=J9-4
Removed Pin From Net: NetName=GND Pin=J9-7
Removed Pin From Net: NetName=GND Pin=J10-1
Removed Pin From Net: NetName=GND Pin=J10-3
Removed Pin From Net: NetName=GND Pin=J10-5
Removed Pin From Net: NetName=GND Pin=J10-7
Removed Pin From Net: NetName=GND Pin=J10-9
Removed Pin From Net: NetName=GND Pin=J10-11
Removed Pin From Net: NetName=GND Pin=J11-3
Removed Pin From Net: NetName=GND Pin=J12-2
Removed Pin From Net: NetName=GND Pin=J12-4
Removed Pin From Net: NetName=GND Pin=J12-6
Removed Pin From Net: NetName=GND Pin=J12-8
Removed Pin From Net: NetName=GND Pin=J12-10
Removed Pin From Net: NetName=GND Pin=J12-12
Removed Pin From Net: NetName=GND Pin=J13-1
Removed Pin From Net: NetName=GND Pin=J13-3
Removed Pin From Net: NetName=GND Pin=J13-5
Removed Pin From Net: NetName=GND Pin=J13-7
Removed Pin From Net: NetName=GND Pin=J13-9
Removed Pin From Net: NetName=GND Pin=J13-11
Removed Pin From Net: NetName=GND Pin=J14-1
Removed Pin From Net: NetName=GND Pin=J17-7
Removed Pin From Net: NetName=GND Pin=J17-8
Removed Pin From Net: NetName=GND Pin=J19-2
Removed Pin From Net: NetName=GND Pin=J19-4
Removed Pin From Net: NetName=GND Pin=J19-6
Removed Pin From Net: NetName=GND Pin=J19-8
Removed Pin From Net: NetName=GND Pin=J19-10
Removed Pin From Net: NetName=GND Pin=J19-12
Removed Pin From Net: NetName=GND Pin=J22-2
Removed Pin From Net: NetName=GND Pin=J22-10
Removed Pin From Net: NetName=GND Pin=MH1-1
Removed Pin From Net: NetName=GND Pin=MH2-1
Removed Pin From Net: NetName=GND Pin=MH3-1
Removed Pin From Net: NetName=GND Pin=MH4-1
Removed Pin From Net: NetName=CPU_TDM_SPI_MISO Pin=MISO-1
Removed Pin From Net: NetName=CPU_TDM_SPI_MOSI Pin=MOSI-1
Removed Pin From Net: NetName=GND Pin=R10-1
Removed Pin From Net: NetName=GND Pin=R11-2
Removed Pin From Net: NetName=GND Pin=R12-1
Removed Pin From Net: NetName=GND Pin=R18-2
Removed Pin From Net: NetName=GND Pin=R19-1
Removed Pin From Net: NetName=GND Pin=R21-1
Removed Pin From Net: NetName=GND Pin=R23-2
Removed Pin From Net: NetName=GND Pin=R37-1
Removed Pin From Net: NetName=GND Pin=R46-2
Removed Pin From Net: NetName=GND Pin=R50-2
Removed Pin From Net: NetName=GND Pin=R51-2
Removed Pin From Net: NetName=GND Pin=R55-1
Removed Pin From Net: NetName=GND Pin=R59-1
Removed Pin From Net: NetName=GND Pin=R60-2
Removed Pin From Net: NetName=GND Pin=R67-1
Removed Pin From Net: NetName=GND Pin=R70-1
Removed Pin From Net: NetName=GND Pin=R71-1
Removed Pin From Net: NetName=GND Pin=R73-1
Removed Pin From Net: NetName=GND Pin=R79-1
Removed Pin From Net: NetName=GND Pin=R88-1
Removed Pin From Net: NetName=GND Pin=R89-1
Removed Pin From Net: NetName=GND Pin=R90-1
Removed Pin From Net: NetName=GND Pin=R108-1
Removed Pin From Net: NetName=GND Pin=R122-2
Removed Pin From Net: NetName=GND Pin=SW1-1
Removed Pin From Net: NetName=GND Pin=SW1-2
Removed Pin From Net: NetName=GND Pin=SW4-9
Removed Pin From Net: NetName=GND Pin=SW4-10
Removed Pin From Net: NetName=GND Pin=SW4-11
Removed Pin From Net: NetName=GND Pin=SW4-12
Removed Pin From Net: NetName=GND Pin=SW4-13
Removed Pin From Net: NetName=GND Pin=SW4-14
Removed Pin From Net: NetName=GND Pin=SW4-15
Removed Pin From Net: NetName=GND Pin=SW4-16
Removed Pin From Net: NetName=CPU_TDM_SPI_CLK Pin=TCK-1
Removed Pin From Net: NetName=GND Pin=TP2-1
Removed Pin From Net: NetName=GND Pin=TP4-1
Removed Pin From Net: NetName=GND Pin=TP5-1
Removed Pin From Net: NetName=GND Pin=TP8-1
Removed Pin From Net: NetName=GND Pin=U1-65
Removed Pin From Net: NetName=GND Pin=U2-3
Removed Pin From Net: NetName=GND Pin=U3-46
Removed Pin From Net: NetName=GND Pin=U3-47
Removed Pin From Net: NetName=GND Pin=U3-84
Removed Pin From Net: NetName=GND Pin=U3-107
Removed Pin From Net: NetName=GND Pin=U3-109
Removed Pin From Net: NetName=GND Pin=U3-123
Removed Pin From Net: NetName=GND Pin=U3-129
Removed Pin From Net: NetName=GND Pin=U4-5
Removed Pin From Net: NetName=GND Pin=U5-5
Removed Pin From Net: NetName=GND Pin=U5-8
Removed Pin From Net: NetName=GND Pin=U5-9
Removed Pin From Net: NetName=GND Pin=U6-5
Removed Pin From Net: NetName=GND Pin=U6-8
Removed Pin From Net: NetName=GND Pin=U6-9
Removed Pin From Net: NetName=GND Pin=U7-2
Removed Pin From Net: NetName=GND Pin=U7-6
Removed Pin From Net: NetName=GND Pin=U7-7
Removed Pin From Net: NetName=GND Pin=U8-29
Removed Pin From Net: NetName=GND Pin=U8-49
Removed Pin From Net: NetName=GND Pin=U9-3
Removed Pin From Net: NetName=GND Pin=U10-3
Removed Pin From Net: NetName=LED_FXS_02 Pin=U11-H14
Removed Pin From Net: NetName=LED_FXS_02 Pin=U11-H16
Removed Pin From Net: NetName=GND Pin=U14-3
Removed Pin From Net: NetName=GND Pin=U15-3
Removed Pin From Net: NetName=GND Pin=X1-3
Removed Pin From Net: NetName=GND Pin=X1-4
Removed Pin From Net: NetName=GND Pin=X1-13
Removed Pin From Net: NetName=GND Pin=X1-14
Removed Pin From Net: NetName=GND Pin=X1-21
Removed Pin From Net: NetName=GND Pin=Y1-2
Removed Pin From Net: NetName=GND Pin=Y1-2
Removed Pin From Net: NetName=GND Pin=Y1-2
Removed Pin From Net: NetName=GND Pin=Y1-2
Removed Pin From Net: NetName=GND Pin=Y1-4
Removed Pin From Net: NetName=GND Pin=Y1-4
Removed Pin From Net: NetName=GND Pin=Y1-4
Removed Pin From Net: NetName=GND Pin=Y1-4
Removed Pin From Net: NetName=GND Pin=Y2-2
Removed Pin From Net: NetName=GND Pin=Y2-2
Removed Pin From Net: NetName=GND Pin=Y2-2
Removed Pin From Net: NetName=GND Pin=Y2-2
Removed Pin From Net: NetName=GND Pin=Y2-4
Removed Pin From Net: NetName=GND Pin=Y2-4
Removed Pin From Net: NetName=GND Pin=Y2-4
Removed Pin From Net: NetName=GND Pin=Y2-4
Removed Pin From Net: NetName=GND Pin=Y3-2
Removed Pin From Net: NetName=GND Pin=Y3-2
Removed Pin From Net: NetName=GND Pin=Y3-2
Removed Pin From Net: NetName=GND Pin=Y3-2
Removed Pin From Net: NetName=GND Pin=Y3-4
Removed Pin From Net: NetName=GND Pin=Y3-4
Removed Pin From Net: NetName=GND Pin=Y3-4
Removed Pin From Net: NetName=GND Pin=Y3-4
Removed Member From Class: ClassName=FPGA Member=9C1
Removed Member From Class: ClassName=FPGA Member=9C3
Removed Member From Class: ClassName=FPGA Member=9C4
Removed Member From Class: ClassName=FPGA Member=9C5
Removed Member From Class: ClassName=FPGA Member=9C6
Removed Member From Class: ClassName=FPGA Member=9J3
Removed Member From Class: ClassName=FPGA Member=9J4
Removed Member From Class: ClassName=FPGA Member=9P2
Removed Member From Class: ClassName=FPGA Member=9P3
Removed Member From Class: ClassName=FPGA Member=9P4
Removed Member From Class: ClassName=FPGA Member=9P5
Removed Member From Class: ClassName=FPGA Member=9P6
Removed Member From Class: ClassName=FPGA Member=9P7
Removed Member From Class: ClassName=FPGA Member=9P8
Removed Member From Class: ClassName=FPGA Member=9P9
Removed Member From Class: ClassName=FPGA Member=9P10
Removed Member From Class: ClassName=FPGA Member=9P11
Removed Member From Class: ClassName=FPGA Member=9R1
Removed Member From Class: ClassName=FPGA Member=9R2
Removed Member From Class: ClassName=FPGA Member=9R3
Removed Member From Class: ClassName=FPGA Member=9R4
Removed Member From Class: ClassName=FPGA Member=9R5
Removed Member From Class: ClassName=FPGA Member=9R6
Removed Member From Class: ClassName=FPGA Member=9R7
Removed Member From Class: ClassName=FPGA Member=9R8
Removed Member From Class: ClassName=FPGA Member=9R9
Removed Member From Class: ClassName=FPGA Member=9R10
Removed Member From Class: ClassName=FPGA Member=9R11
Removed Member From Class: ClassName=FPGA Member=9R12
Removed Member From Class: ClassName=FPGA Member=9R13
Removed Member From Class: ClassName=FPGA Member=9R14
Removed Member From Class: ClassName=FPGA Member=9R18
Removed Member From Class: ClassName=FPGA Member=9R19
Removed Member From Class: ClassName=FPGA Member=9R20
Removed Member From Class: ClassName=FPGA Member=9R21
Removed Member From Class: ClassName=FPGA Member=9R22
Removed Member From Class: ClassName=FPGA Member=9R23
Removed Member From Class: ClassName=FPGA Member=9R24
Removed Member From Class: ClassName=FPGA Member=9R25
Removed Member From Class: ClassName=FPGA Member=9R26
Removed Member From Class: ClassName=FPGA Member=9R27
Removed Member From Class: ClassName=FPGA Member=9U1
Removed Member From Class: ClassName=FPGA Member=9U3
Removed Member From Class: ClassName=FPGA Member=9U4
Removed Member From Class: ClassName=FPGA Member=9U5
Removed Member From Class: ClassName=FPGA Member=CS0
Removed Member From Class: ClassName=FPGA Member=INT#
Removed Member From Class: ClassName=FPGA Member=MISO
Removed Member From Class: ClassName=FPGA Member=MOSI
Removed Member From Class: ClassName=FPGA Member=TCK
Change Net Name : Old Net Name=LED_FXS_02 New Net Name=CFPGA_3.3V
Added Pin To Net: NetName=LED_FXS_02 Pin=U11-H14
Added Net: Name=LED_FXS_02
Added Pin To Net: NetName=LED_FXS_04 Pin=U11-H16
Added Net: Name=LED_FXS_04
