Removed Pin From Net: NetName=CPU_I2S_DI7 Pin=U11-D2
Removed Pin From Net: NetName=CPU_I2S_DO8 Pin=U11-D3
Removed Pin From Net: NetName=CPU_I2S_SCLK7 Pin=U11-E1
Removed Pin From Net: NetName=CPU_I2S_FRM8 Pin=U11-E4
Removed Pin From Net: NetName=CPU_I2S_DO6 Pin=U11-F1
Removed Pin From Net: NetName=CPU_I2S_FRM6 Pin=U11-F2
Removed Pin From Net: NetName=CPU_I2S_DO7 Pin=U11-F3
Removed Pin From Net: NetName=CPU_I2S_FRM7 Pin=U11-F4
Removed Pin From Net: NetName=CPU_I2S_DI8 Pin=U11-F6
Removed Pin From Net: NetName=CPU_I2S_DI5 Pin=U11-G3
Removed Pin From Net: NetName=CPU_I2S_SCLK8 Pin=U11-G6
Removed Pin From Net: NetName=CPU_I2S_DI4 Pin=U11-H1
Removed Pin From Net: NetName=CPU_I2S_DO4 Pin=U11-H2
Removed Pin From Net: NetName=CPU_I2S_SCLK5 Pin=U11-H3
Removed Pin From Net: NetName=CPU_I2S_DI6 Pin=U11-H6
Removed Pin From Net: NetName=CPU_I2S_SCLK6 Pin=U11-J6
Removed Pin From Net: NetName=CPU_I2S_DI3 Pin=U11-K1
Removed Pin From Net: NetName=CPU_I2S_DO3 Pin=U11-K2
Removed Pin From Net: NetName=CPU_I2S_DO5 Pin=U11-K6
Removed Pin From Net: NetName=CPU_I2S_FRM3 Pin=U11-L1
Removed Pin From Net: NetName=CPU_I2S_SCLK3 Pin=U11-L2
Removed Pin From Net: NetName=CPU_I2S_MCLK Pin=U11-L5
Removed Pin From Net: NetName=CPU_I2S_DO1 Pin=U11-L6
Removed Pin From Net: NetName=CPU_I2S_FRM5 Pin=U11-L7
Removed Pin From Net: NetName=CPU_I2S_DI2 Pin=U11-N1
Removed Pin From Net: NetName=CPU_I2S_DO2 Pin=U11-N2
Removed Pin From Net: NetName=CPU_I2S_FRM2 Pin=U11-P1
Removed Pin From Net: NetName=CPU_I2S_SCLK2 Pin=U11-P2
Removed Pin From Net: NetName=CPU_I2S_FRM1 Pin=U11-P3
Removed Pin From Net: NetName=CPU_I2S_SCLK1 Pin=U11-P4
Removed Pin From Net: NetName=CPU_I2S_DI1 Pin=U11-U1
Added Pin To Net: NetName=CPU_I2S_FRM1 Pin=U11-C1
Added Pin To Net: NetName=CPU_I2S_SCLK1 Pin=U11-C2
Added Pin To Net: NetName=CPU_I2S_DO1 Pin=U11-D1
Added Pin To Net: NetName=CPU_I2S_DI1 Pin=U11-D2
Added Pin To Net: NetName=CPU_I2S_FRM2 Pin=U11-D3
Added Pin To Net: NetName=CPU_I2S_SCLK2 Pin=U11-E1
Added Pin To Net: NetName=CPU_I2S_DI2 Pin=U11-F1
Added Pin To Net: NetName=CPU_I2S_DO2 Pin=U11-F2
Added Pin To Net: NetName=CPU_I2S_FRM3 Pin=U11-F3
Added Pin To Net: NetName=CPU_I2S_SCLK3 Pin=U11-G1
Added Pin To Net: NetName=CPU_I2S_DO3 Pin=U11-H1
Added Pin To Net: NetName=CPU_I2S_DI3 Pin=U11-H2
Added Pin To Net: NetName=CPU_I2S_DI8 Pin=U11-H3
Added Pin To Net: NetName=CPU_I2S_DO8 Pin=U11-H4
Added Pin To Net: NetName=CPU_I2S_DI4 Pin=U11-K1
Added Pin To Net: NetName=CPU_I2S_DO4 Pin=U11-K2
Added Pin To Net: NetName=CPU_I2S_FRM8 Pin=U11-K5
Added Pin To Net: NetName=CPU_I2S_FRM5 Pin=U11-L1
Added Pin To Net: NetName=CPU_I2S_SCLK5 Pin=U11-L2
Added Pin To Net: NetName=CPU_I2S_SCLK8 Pin=U11-L5
Added Pin To Net: NetName=CPU_I2S_MCLK Pin=U11-L7
Added Pin To Net: NetName=CPU_I2S_DI5 Pin=U11-M1
Added Pin To Net: NetName=CPU_I2S_DO5 Pin=U11-M3
Added Pin To Net: NetName=CPU_I2S_FRM6 Pin=U11-N1
Added Pin To Net: NetName=CPU_I2S_SCLK6 Pin=U11-N2
Added Pin To Net: NetName=CPU_I2S_DI6 Pin=U11-P1
Added Pin To Net: NetName=CPU_I2S_DO6 Pin=U11-P2
Added Pin To Net: NetName=CPU_I2S_FRM7 Pin=U11-T1
Added Pin To Net: NetName=CPU_I2S_SCLK7 Pin=U11-T2
Added Pin To Net: NetName=CPU_I2S_DI7 Pin=U11-U1
Added Pin To Net: NetName=CPU_I2S_DO7 Pin=U11-U2
