Removed Pin From Net: NetName=LED_FXS_03 Pin=U11-G16
Removed Pin From Net: NetName=LED_FXS_04 Pin=U11-G18
Removed Pin From Net: NetName=LED_FXS_01 Pin=U11-H15
Removed Pin From Net: NetName=LED_FXS_02 Pin=U11-H16
Removed Pin From Net: NetName=LED_FXS_05 Pin=U11-J13
Removed Pin From Net: NetName=LED_LINK1_WAN2_IN Pin=U11-J16
Removed Pin From Net: NetName=LED_LINK2_WAN2_IN Pin=U11-J18
Removed Pin From Net: NetName=LED_FXS_06 Pin=U11-K14
Removed Pin From Net: NetName=LED_LINK1_WAN1_IN Pin=U11-K16
Removed Pin From Net: NetName=LED_FXS_07 Pin=U11-L12
Removed Pin From Net: NetName=LED_FXS_08 Pin=U11-L13
Removed Pin From Net: NetName=LED_LINK2_WAN1_IN Pin=U11-L15
Removed Pin From Net: NetName=LED_LINK_WAN1_OUT Pin=U11-L18
Removed Pin From Net: NetName=LED_LINK_WAN2_OUT Pin=U11-M18
Removed Pin From Net: NetName=OP_LED Pin=U11-N18
Added Pin To Net: NetName=LED_FXS_03 Pin=U11-N15
Added Pin To Net: NetName=LED_FXS_04 Pin=U11-N16
Added Pin To Net: NetName=LED_FXS_01 Pin=U11-P17
Added Pin To Net: NetName=LED_FXS_02 Pin=U11-P18
Added Pin To Net: NetName=OP_LED Pin=U11-R11
Added Pin To Net: NetName=LED_LINK1_WAN2_IN Pin=U11-T14
Added Pin To Net: NetName=LED_FXS_05 Pin=U11-T17
Added Pin To Net: NetName=LED_FXS_06 Pin=U11-T18
Added Pin To Net: NetName=LED_LINK_WAN1_OUT Pin=U11-U13
Added Pin To Net: NetName=LED_LINK1_WAN1_IN Pin=U11-U15
Added Pin To Net: NetName=LED_FXS_07 Pin=U11-U17
Added Pin To Net: NetName=LED_FXS_08 Pin=U11-U18
Added Pin To Net: NetName=LED_LINK_WAN2_OUT Pin=U11-V13
Added Pin To Net: NetName=LED_LINK2_WAN2_IN Pin=U11-V14
Added Pin To Net: NetName=LED_LINK2_WAN1_IN Pin=U11-V15
