Removed Pin From Net: NetName=FPGA_PDN2 Pin=U11-D17
Removed Pin From Net: NetName=FPGA_PDN3 Pin=U11-D18
Removed Pin From Net: NetName=FPGA_PDN6 Pin=U11-E16
Removed Pin From Net: NetName=FPGA_PDN7 Pin=U11-E18
Removed Pin From Net: NetName=FPGA_PDN5 Pin=U11-G13
Removed Pin From Net: NetName=FPGA_PDN1 Pin=U11-G14
Removed Pin From Net: NetName=LED_FXS_05 Pin=U11-G16
Removed Pin From Net: NetName=LED_FXS_06 Pin=U11-G18
Removed Pin From Net: NetName=FPGA_PDN4 Pin=U11-H12
Removed Pin From Net: NetName=LED_FXS_01 Pin=U11-H13
Removed Pin From Net: NetName=LED_FXS_02 Pin=U11-H14
Removed Pin From Net: NetName=LED_FXS_03 Pin=U11-H15
Removed Pin From Net: NetName=LED_FXS_04 Pin=U11-H16
Removed Pin From Net: NetName=LED_FXS_07 Pin=U11-J13
Removed Pin From Net: NetName=FPGA_PDN8 Pin=U11-K12
Removed Pin From Net: NetName=LED_FXS_08 Pin=U11-K14
Added Pin To Net: NetName=FPGA_PDN1 Pin=U11-C17
Added Pin To Net: NetName=FPGA_PDN2 Pin=U11-C18
Added Pin To Net: NetName=FPGA_PDN3 Pin=U11-D17
Added Pin To Net: NetName=FPGA_PDN4 Pin=U11-D18
Added Pin To Net: NetName=FPGA_PDN5 Pin=U11-E16
Added Pin To Net: NetName=FPGA_PDN6 Pin=U11-E18
Added Pin To Net: NetName=FPGA_PDN7 Pin=U11-F17
Added Pin To Net: NetName=FPGA_PDN8 Pin=U11-F18
Added Pin To Net: NetName=LED_FXS_03 Pin=U11-G16
Added Pin To Net: NetName=LED_FXS_04 Pin=U11-G18
Added Pin To Net: NetName=LED_FXS_01 Pin=U11-H15
Added Pin To Net: NetName=LED_FXS_02 Pin=U11-H16
Added Pin To Net: NetName=LED_FXS_05 Pin=U11-J13
Added Pin To Net: NetName=LED_FXS_06 Pin=U11-K14
Added Pin To Net: NetName=LED_FXS_07 Pin=U11-L12
Added Pin To Net: NetName=LED_FXS_08 Pin=U11-L13
